Building Angular Package
ModuleName: ./public_api
Root /home/ianchi/dev/ianchi_wrt/reactive-json-form-ng/projects/reactive-json-form-ng/src/public_api
FileName:  /home/ianchi/dev/ianchi_wrt/reactive-json-form-ng/projects/reactive-json-form-ng/src/public_api
ConainingFile:  /home/ianchi/dev/ianchi_wrt/reactive-json-form-ng/projects/reactive-json-form-ng/src/public_api
ResolvedModule:  /home/ianchi/dev/ianchi_wrt/reactive-json-form-ng/projects/reactive-json-form-ng/src/public_api.ts
SourceFile:  /home/ianchi/dev/ianchi_wrt/reactive-json-form-ng/projects/reactive-json-form-ng/src/public_api.ts
ModuleName: ./lib/core/index
Root /home/ianchi/dev/ianchi_wrt/reactive-json-form-ng/projects/reactive-json-form-ng/src/public_api
FileName:  /home/ianchi/dev/ianchi_wrt/reactive-json-form-ng/projects/reactive-json-form-ng/src/lib/core/index
ConainingFile:  /home/ianchi/dev/ianchi_wrt/reactive-json-form-ng/projects/reactive-json-form-ng/src/public_api
ResolvedModule:  /home/ianchi/dev/ianchi_wrt/reactive-json-form-ng/projects/reactive-json-form-ng/src/lib/core/index.ts
SourceFile:  /home/ianchi/dev/ianchi_wrt/reactive-json-form-ng/projects/reactive-json-form-ng/src/lib/core/index.ts
ModuleName: ./lib/core/context
Root /home/ianchi/dev/ianchi_wrt/reactive-json-form-ng/projects/reactive-json-form-ng/src/public_api
FileName:  /home/ianchi/dev/ianchi_wrt/reactive-json-form-ng/projects/reactive-json-form-ng/src/lib/core/context
ConainingFile:  /home/ianchi/dev/ianchi_wrt/reactive-json-form-ng/projects/reactive-json-form-ng/src/public_api
ResolvedModule:  /home/ianchi/dev/ianchi_wrt/reactive-json-form-ng/projects/reactive-json-form-ng/src/lib/core/context.ts
SourceFile:  /home/ianchi/dev/ianchi_wrt/reactive-json-form-ng/projects/reactive-json-form-ng/src/lib/core/context.ts
ModuleName: ./lib/core/abstractwidget
Root /home/ianchi/dev/ianchi_wrt/reactive-json-form-ng/projects/reactive-json-form-ng/src/public_api
FileName:  /home/ianchi/dev/ianchi_wrt/reactive-json-form-ng/projects/reactive-json-form-ng/src/lib/core/abstractwidget
ConainingFile:  /home/ianchi/dev/ianchi_wrt/reactive-json-form-ng/projects/reactive-json-form-ng/src/public_api
ResolvedModule:  /home/ianchi/dev/ianchi_wrt/reactive-json-form-ng/projects/reactive-json-form-ng/src/lib/core/abstractwidget.ts
SourceFile:  /home/ianchi/dev/ianchi_wrt/reactive-json-form-ng/projects/reactive-json-form-ng/src/lib/core/abstractwidget.ts
ModuleName: ./lib/core/widget.directive
Root /home/ianchi/dev/ianchi_wrt/reactive-json-form-ng/projects/reactive-json-form-ng/src/public_api
FileName:  /home/ianchi/dev/ianchi_wrt/reactive-json-form-ng/projects/reactive-json-form-ng/src/lib/core/widget.directive
ConainingFile:  /home/ianchi/dev/ianchi_wrt/reactive-json-form-ng/projects/reactive-json-form-ng/src/public_api
ResolvedModule:  /home/ianchi/dev/ianchi_wrt/reactive-json-form-ng/projects/reactive-json-form-ng/src/lib/core/widget.directive.ts
SourceFile:  /home/ianchi/dev/ianchi_wrt/reactive-json-form-ng/projects/reactive-json-form-ng/src/lib/core/widget.directive.ts
ModuleName: ./lib/core/widget.interface
Root /home/ianchi/dev/ianchi_wrt/reactive-json-form-ng/projects/reactive-json-form-ng/src/public_api
FileName:  /home/ianchi/dev/ianchi_wrt/reactive-json-form-ng/projects/reactive-json-form-ng/src/lib/core/widget.interface
ConainingFile:  /home/ianchi/dev/ianchi_wrt/reactive-json-form-ng/projects/reactive-json-form-ng/src/public_api
ResolvedModule:  /home/ianchi/dev/ianchi_wrt/reactive-json-form-ng/projects/reactive-json-form-ng/src/lib/core/widget.interface.ts
SourceFile:  /home/ianchi/dev/ianchi_wrt/reactive-json-form-ng/projects/reactive-json-form-ng/src/lib/core/widget.interface.ts
ModuleName: ./lib/core/widgetregistry.service
Root /home/ianchi/dev/ianchi_wrt/reactive-json-form-ng/projects/reactive-json-form-ng/src/public_api
FileName:  /home/ianchi/dev/ianchi_wrt/reactive-json-form-ng/projects/reactive-json-form-ng/src/lib/core/widgetregistry.service
ConainingFile:  /home/ianchi/dev/ianchi_wrt/reactive-json-form-ng/projects/reactive-json-form-ng/src/public_api
ResolvedModule:  /home/ianchi/dev/ianchi_wrt/reactive-json-form-ng/projects/reactive-json-form-ng/src/lib/core/widgetregistry.service.ts
SourceFile:  /home/ianchi/dev/ianchi_wrt/reactive-json-form-ng/projects/reactive-json-form-ng/src/lib/core/widgetregistry.service.ts
ModuleName: ./lib/core/core.module
Root /home/ianchi/dev/ianchi_wrt/reactive-json-form-ng/projects/reactive-json-form-ng/src/public_api
FileName:  /home/ianchi/dev/ianchi_wrt/reactive-json-form-ng/projects/reactive-json-form-ng/src/lib/core/core.module
ConainingFile:  /home/ianchi/dev/ianchi_wrt/reactive-json-form-ng/projects/reactive-json-form-ng/src/public_api
ResolvedModule:  /home/ianchi/dev/ianchi_wrt/reactive-json-form-ng/projects/reactive-json-form-ng/src/lib/core/core.module.ts
SourceFile:  /home/ianchi/dev/ianchi_wrt/reactive-json-form-ng/projects/reactive-json-form-ng/src/lib/core/core.module.ts
ModuleName: ./lib/core/format
Root /home/ianchi/dev/ianchi_wrt/reactive-json-form-ng/projects/reactive-json-form-ng/src/public_api
FileName:  /home/ianchi/dev/ianchi_wrt/reactive-json-form-ng/projects/reactive-json-form-ng/src/lib/core/format
ConainingFile:  /home/ianchi/dev/ianchi_wrt/reactive-json-form-ng/projects/reactive-json-form-ng/src/public_api
ResolvedModule:  /home/ianchi/dev/ianchi_wrt/reactive-json-form-ng/projects/reactive-json-form-ng/src/lib/core/format.ts
SourceFile:  /home/ianchi/dev/ianchi_wrt/reactive-json-form-ng/projects/reactive-json-form-ng/src/lib/core/format.ts
ModuleName: ./lib/core/routedwidget.component
Root /home/ianchi/dev/ianchi_wrt/reactive-json-form-ng/projects/reactive-json-form-ng/src/public_api
FileName:  /home/ianchi/dev/ianchi_wrt/reactive-json-form-ng/projects/reactive-json-form-ng/src/lib/core/routedwidget.component
ConainingFile:  /home/ianchi/dev/ianchi_wrt/reactive-json-form-ng/projects/reactive-json-form-ng/src/public_api
ResolvedModule:  /home/ianchi/dev/ianchi_wrt/reactive-json-form-ng/projects/reactive-json-form-ng/src/lib/core/routedwidget.component.ts
SourceFile:  /home/ianchi/dev/ianchi_wrt/reactive-json-form-ng/projects/reactive-json-form-ng/src/lib/core/routedwidget.component.ts
ModuleName: ./lib/core/expressions
Root /home/ianchi/dev/ianchi_wrt/reactive-json-form-ng/projects/reactive-json-form-ng/src/public_api
FileName:  /home/ianchi/dev/ianchi_wrt/reactive-json-form-ng/projects/reactive-json-form-ng/src/lib/core/expressions
ConainingFile:  /home/ianchi/dev/ianchi_wrt/reactive-json-form-ng/projects/reactive-json-form-ng/src/public_api
ResolvedModule:  /home/ianchi/dev/ianchi_wrt/reactive-json-form-ng/projects/reactive-json-form-ng/src/lib/core/expressions.ts
SourceFile:  /home/ianchi/dev/ianchi_wrt/reactive-json-form-ng/projects/reactive-json-form-ng/src/lib/core/expressions.ts
ModuleName: ./lib/core/expressionProvider
Root /home/ianchi/dev/ianchi_wrt/reactive-json-form-ng/projects/reactive-json-form-ng/src/public_api
FileName:  /home/ianchi/dev/ianchi_wrt/reactive-json-form-ng/projects/reactive-json-form-ng/src/lib/core/expressionProvider
ConainingFile:  /home/ianchi/dev/ianchi_wrt/reactive-json-form-ng/projects/reactive-json-form-ng/src/public_api
ResolvedModule:  /home/ianchi/dev/ianchi_wrt/reactive-json-form-ng/projects/reactive-json-form-ng/src/lib/core/expressionProvider.ts
SourceFile:  /home/ianchi/dev/ianchi_wrt/reactive-json-form-ng/projects/reactive-json-form-ng/src/lib/core/expressionProvider.ts
ModuleName: ./lib/core/forms/formfieldwidget
Root /home/ianchi/dev/ianchi_wrt/reactive-json-form-ng/projects/reactive-json-form-ng/src/public_api
FileName:  /home/ianchi/dev/ianchi_wrt/reactive-json-form-ng/projects/reactive-json-form-ng/src/lib/core/forms/formfieldwidget
ConainingFile:  /home/ianchi/dev/ianchi_wrt/reactive-json-form-ng/projects/reactive-json-form-ng/src/public_api
ResolvedModule:  /home/ianchi/dev/ianchi_wrt/reactive-json-form-ng/projects/reactive-json-form-ng/src/lib/core/forms/formfieldwidget.ts
SourceFile:  /home/ianchi/dev/ianchi_wrt/reactive-json-form-ng/projects/reactive-json-form-ng/src/lib/core/forms/formfieldwidget.ts
ModuleName: ./lib/core/forms/formarraywidget
Root /home/ianchi/dev/ianchi_wrt/reactive-json-form-ng/projects/reactive-json-form-ng/src/public_api
FileName:  /home/ianchi/dev/ianchi_wrt/reactive-json-form-ng/projects/reactive-json-form-ng/src/lib/core/forms/formarraywidget
ConainingFile:  /home/ianchi/dev/ianchi_wrt/reactive-json-form-ng/projects/reactive-json-form-ng/src/public_api
ResolvedModule:  /home/ianchi/dev/ianchi_wrt/reactive-json-form-ng/projects/reactive-json-form-ng/src/lib/core/forms/formarraywidget.ts
SourceFile:  /home/ianchi/dev/ianchi_wrt/reactive-json-form-ng/projects/reactive-json-form-ng/src/lib/core/forms/formarraywidget.ts
ModuleName: ./lib/material
Root /home/ianchi/dev/ianchi_wrt/reactive-json-form-ng/projects/reactive-json-form-ng/src/public_api
FileName:  /home/ianchi/dev/ianchi_wrt/reactive-json-form-ng/projects/reactive-json-form-ng/src/lib/material
ConainingFile:  /home/ianchi/dev/ianchi_wrt/reactive-json-form-ng/projects/reactive-json-form-ng/src/public_api
ResolvedModule:  /home/ianchi/dev/ianchi_wrt/reactive-json-form-ng/projects/reactive-json-form-ng/src/lib/material/index.ts
SourceFile:  /home/ianchi/dev/ianchi_wrt/reactive-json-form-ng/projects/reactive-json-form-ng/src/lib/material/index.ts
ModuleName: ./lib/formfield/formfield.module
Root /home/ianchi/dev/ianchi_wrt/reactive-json-form-ng/projects/reactive-json-form-ng/src/public_api
FileName:  /home/ianchi/dev/ianchi_wrt/reactive-json-form-ng/projects/reactive-json-form-ng/src/lib/formfield/formfield.module
ConainingFile:  /home/ianchi/dev/ianchi_wrt/reactive-json-form-ng/projects/reactive-json-form-ng/src/public_api
ResolvedModule:  undefined
/home/ianchi/dev/ianchi_wrt/reactive-json-form-ng/projects/reactive-json-form-ng/src/lib/formfield/formfield.module.ts -> not found
ModuleName: ./lib/formfield/formfield.module
Root /home/ianchi/dev/ianchi_wrt/reactive-json-form-ng/projects/reactive-json-form-ng/src/public_api
FileName:  /home/ianchi/dev/ianchi_wrt/reactive-json-form-ng/projects/reactive-json-form-ng/src/lib/formfield/formfield.module
ConainingFile:  /home/ianchi/dev/ianchi_wrt/reactive-json-form-ng/projects/reactive-json-form-ng/src/public_api
ResolvedModule:  undefined
/home/ianchi/dev/ianchi_wrt/reactive-json-form-ng/projects/reactive-json-form-ng/src/lib/formfield/formfield.module.ts -> not found
ModuleName: ./lib/common/common.module
Root /home/ianchi/dev/ianchi_wrt/reactive-json-form-ng/projects/reactive-json-form-ng/src/public_api
FileName:  /home/ianchi/dev/ianchi_wrt/reactive-json-form-ng/projects/reactive-json-form-ng/src/lib/common/common.module
ConainingFile:  /home/ianchi/dev/ianchi_wrt/reactive-json-form-ng/projects/reactive-json-form-ng/src/public_api
ResolvedModule:  undefined
/home/ianchi/dev/ianchi_wrt/reactive-json-form-ng/projects/reactive-json-form-ng/src/lib/common/common.module.ts -> not found
ModuleName: ./lib/common/common.module
Root /home/ianchi/dev/ianchi_wrt/reactive-json-form-ng/projects/reactive-json-form-ng/src/public_api
FileName:  /home/ianchi/dev/ianchi_wrt/reactive-json-form-ng/projects/reactive-json-form-ng/src/lib/common/common.module
ConainingFile:  /home/ianchi/dev/ianchi_wrt/reactive-json-form-ng/projects/reactive-json-form-ng/src/public_api
ResolvedModule:  undefined
/home/ianchi/dev/ianchi_wrt/reactive-json-form-ng/projects/reactive-json-form-ng/src/lib/common/common.module.ts -> not found
ModuleName: ./lib/material.module
Root /home/ianchi/dev/ianchi_wrt/reactive-json-form-ng/projects/reactive-json-form-ng/src/public_api
FileName:  /home/ianchi/dev/ianchi_wrt/reactive-json-form-ng/projects/reactive-json-form-ng/src/lib/material.module
ConainingFile:  /home/ianchi/dev/ianchi_wrt/reactive-json-form-ng/projects/reactive-json-form-ng/src/public_api
ResolvedModule:  undefined
/home/ianchi/dev/ianchi_wrt/reactive-json-form-ng/projects/reactive-json-form-ng/src/lib/material.module.ts -> not found
ModuleName: ./lib/material.module
Root /home/ianchi/dev/ianchi_wrt/reactive-json-form-ng/projects/reactive-json-form-ng/src/public_api
FileName:  /home/ianchi/dev/ianchi_wrt/reactive-json-form-ng/projects/reactive-json-form-ng/src/lib/material.module
ConainingFile:  /home/ianchi/dev/ianchi_wrt/reactive-json-form-ng/projects/reactive-json-form-ng/src/public_api
ResolvedModule:  undefined
/home/ianchi/dev/ianchi_wrt/reactive-json-form-ng/projects/reactive-json-form-ng/src/lib/material.module.ts -> not found
ModuleName: ./lib/schema/index
Root /home/ianchi/dev/ianchi_wrt/reactive-json-form-ng/projects/reactive-json-form-ng/src/public_api
FileName:  /home/ianchi/dev/ianchi_wrt/reactive-json-form-ng/projects/reactive-json-form-ng/src/lib/schema/index
ConainingFile:  /home/ianchi/dev/ianchi_wrt/reactive-json-form-ng/projects/reactive-json-form-ng/src/public_api
ResolvedModule:  /home/ianchi/dev/ianchi_wrt/reactive-json-form-ng/projects/reactive-json-form-ng/src/lib/schema/index.ts
SourceFile:  /home/ianchi/dev/ianchi_wrt/reactive-json-form-ng/projects/reactive-json-form-ng/src/lib/schema/index.ts
ModuleName: ./lib/schema/validation
Root /home/ianchi/dev/ianchi_wrt/reactive-json-form-ng/projects/reactive-json-form-ng/src/public_api
FileName:  /home/ianchi/dev/ianchi_wrt/reactive-json-form-ng/projects/reactive-json-form-ng/src/lib/schema/validation
ConainingFile:  /home/ianchi/dev/ianchi_wrt/reactive-json-form-ng/projects/reactive-json-form-ng/src/public_api
ResolvedModule:  /home/ianchi/dev/ianchi_wrt/reactive-json-form-ng/projects/reactive-json-form-ng/src/lib/schema/validation/index.ts
SourceFile:  /home/ianchi/dev/ianchi_wrt/reactive-json-form-ng/projects/reactive-json-form-ng/src/lib/schema/validation/index.ts
ModuleName: ./lib/schema/multi
Root /home/ianchi/dev/ianchi_wrt/reactive-json-form-ng/projects/reactive-json-form-ng/src/public_api
FileName:  /home/ianchi/dev/ianchi_wrt/reactive-json-form-ng/projects/reactive-json-form-ng/src/lib/schema/multi
ConainingFile:  /home/ianchi/dev/ianchi_wrt/reactive-json-form-ng/projects/reactive-json-form-ng/src/public_api
ResolvedModule:  undefined
/home/ianchi/dev/ianchi_wrt/reactive-json-form-ng/projects/reactive-json-form-ng/src/lib/schema/multi.ts -> not found
ModuleName: ./lib/schema/format
Root /home/ianchi/dev/ianchi_wrt/reactive-json-form-ng/projects/reactive-json-form-ng/src/public_api
FileName:  /home/ianchi/dev/ianchi_wrt/reactive-json-form-ng/projects/reactive-json-form-ng/src/lib/schema/format
ConainingFile:  /home/ianchi/dev/ianchi_wrt/reactive-json-form-ng/projects/reactive-json-form-ng/src/public_api
ResolvedModule:  undefined
/home/ianchi/dev/ianchi_wrt/reactive-json-form-ng/projects/reactive-json-form-ng/src/lib/schema/format.ts -> not found
ModuleName: ./lib/schema/interface
Root /home/ianchi/dev/ianchi_wrt/reactive-json-form-ng/projects/reactive-json-form-ng/src/public_api
FileName:  /home/ianchi/dev/ianchi_wrt/reactive-json-form-ng/projects/reactive-json-form-ng/src/lib/schema/interface
ConainingFile:  /home/ianchi/dev/ianchi_wrt/reactive-json-form-ng/projects/reactive-json-form-ng/src/public_api
ResolvedModule:  /home/ianchi/dev/ianchi_wrt/reactive-json-form-ng/projects/reactive-json-form-ng/src/lib/schema/interface.ts
SourceFile:  /home/ianchi/dev/ianchi_wrt/reactive-json-form-ng/projects/reactive-json-form-ng/src/lib/schema/interface.ts
ModuleName: ./lib/schema/builder
Root /home/ianchi/dev/ianchi_wrt/reactive-json-form-ng/projects/reactive-json-form-ng/src/public_api
FileName:  /home/ianchi/dev/ianchi_wrt/reactive-json-form-ng/projects/reactive-json-form-ng/src/lib/schema/builder
ConainingFile:  /home/ianchi/dev/ianchi_wrt/reactive-json-form-ng/projects/reactive-json-form-ng/src/public_api
ResolvedModule:  /home/ianchi/dev/ianchi_wrt/reactive-json-form-ng/projects/reactive-json-form-ng/src/lib/schema/builder.ts
SourceFile:  /home/ianchi/dev/ianchi_wrt/reactive-json-form-ng/projects/reactive-json-form-ng/src/lib/schema/builder.ts
ModuleName: ./lib/core/defaultwidget.component
Root /home/ianchi/dev/ianchi_wrt/reactive-json-form-ng/projects/reactive-json-form-ng/src/public_api
FileName:  /home/ianchi/dev/ianchi_wrt/reactive-json-form-ng/projects/reactive-json-form-ng/src/lib/core/defaultwidget.component
ConainingFile:  /home/ianchi/dev/ianchi_wrt/reactive-json-form-ng/projects/reactive-json-form-ng/src/public_api
ResolvedModule:  /home/ianchi/dev/ianchi_wrt/reactive-json-form-ng/projects/reactive-json-form-ng/src/lib/core/defaultwidget.component.ts
SourceFile:  /home/ianchi/dev/ianchi_wrt/reactive-json-form-ng/projects/reactive-json-form-ng/src/lib/core/defaultwidget.component.ts
ModuleName: ./lib/material.module
Root /home/ianchi/dev/ianchi_wrt/reactive-json-form-ng/projects/reactive-json-form-ng/src/public_api
FileName:  /home/ianchi/dev/ianchi_wrt/reactive-json-form-ng/projects/reactive-json-form-ng/src/lib/material.module
ConainingFile:  /home/ianchi/dev/ianchi_wrt/reactive-json-form-ng/projects/reactive-json-form-ng/src/public_api
ResolvedModule:  undefined
/home/ianchi/dev/ianchi_wrt/reactive-json-form-ng/projects/reactive-json-form-ng/src/lib/material.module.ts -> not found
ModuleName: ./lib/schema/multi
Root /home/ianchi/dev/ianchi_wrt/reactive-json-form-ng/projects/reactive-json-form-ng/src/public_api
FileName:  /home/ianchi/dev/ianchi_wrt/reactive-json-form-ng/projects/reactive-json-form-ng/src/lib/schema/multi
ConainingFile:  /home/ianchi/dev/ianchi_wrt/reactive-json-form-ng/projects/reactive-json-form-ng/src/public_api
ResolvedModule:  undefined
/home/ianchi/dev/ianchi_wrt/reactive-json-form-ng/projects/reactive-json-form-ng/src/lib/schema/multi.ts -> not found
ModuleName: ./lib/schema/format
Root /home/ianchi/dev/ianchi_wrt/reactive-json-form-ng/projects/reactive-json-form-ng/src/public_api
FileName:  /home/ianchi/dev/ianchi_wrt/reactive-json-form-ng/projects/reactive-json-form-ng/src/lib/schema/format
ConainingFile:  /home/ianchi/dev/ianchi_wrt/reactive-json-form-ng/projects/reactive-json-form-ng/src/public_api
ResolvedModule:  undefined
/home/ianchi/dev/ianchi_wrt/reactive-json-form-ng/projects/reactive-json-form-ng/src/lib/schema/format.ts -> not found
ModuleName: ./lib/schema/format
Root /home/ianchi/dev/ianchi_wrt/reactive-json-form-ng/projects/reactive-json-form-ng/src/public_api
FileName:  /home/ianchi/dev/ianchi_wrt/reactive-json-form-ng/projects/reactive-json-form-ng/src/lib/schema/format
ConainingFile:  /home/ianchi/dev/ianchi_wrt/reactive-json-form-ng/projects/reactive-json-form-ng/src/public_api
ResolvedModule:  undefined
/home/ianchi/dev/ianchi_wrt/reactive-json-form-ng/projects/reactive-json-form-ng/src/lib/schema/format.ts -> not found
ModuleName: ./lib/schema/format
Root /home/ianchi/dev/ianchi_wrt/reactive-json-form-ng/projects/reactive-json-form-ng/src/public_api
FileName:  /home/ianchi/dev/ianchi_wrt/reactive-json-form-ng/projects/reactive-json-form-ng/src/lib/schema/format
ConainingFile:  /home/ianchi/dev/ianchi_wrt/reactive-json-form-ng/projects/reactive-json-form-ng/src/public_api
ResolvedModule:  undefined
/home/ianchi/dev/ianchi_wrt/reactive-json-form-ng/projects/reactive-json-form-ng/src/lib/schema/format.ts -> not found
Building entry point 'reactive-json-form-ng'
Compiling TypeScript sources through ngc
ModuleName: ./public_api
Root /home/ianchi/dev/ianchi_wrt/reactive-json-form-ng/projects/reactive-json-form-ng/src/public_api
FileName:  /home/ianchi/dev/ianchi_wrt/reactive-json-form-ng/projects/reactive-json-form-ng/src/public_api
ConainingFile:  /home/ianchi/dev/ianchi_wrt/reactive-json-form-ng/projects/reactive-json-form-ng/src/public_api
ResolvedModule:  /home/ianchi/dev/ianchi_wrt/reactive-json-form-ng/projects/reactive-json-form-ng/src/public_api.ts
SourceFile:  /home/ianchi/dev/ianchi_wrt/reactive-json-form-ng/projects/reactive-json-form-ng/src/public_api.ts
ModuleName: ./lib/core/index
Root /home/ianchi/dev/ianchi_wrt/reactive-json-form-ng/projects/reactive-json-form-ng/src/public_api
FileName:  /home/ianchi/dev/ianchi_wrt/reactive-json-form-ng/projects/reactive-json-form-ng/src/lib/core/index
ConainingFile:  /home/ianchi/dev/ianchi_wrt/reactive-json-form-ng/projects/reactive-json-form-ng/src/public_api
ResolvedModule:  /home/ianchi/dev/ianchi_wrt/reactive-json-form-ng/projects/reactive-json-form-ng/src/lib/core/index.ts
SourceFile:  /home/ianchi/dev/ianchi_wrt/reactive-json-form-ng/projects/reactive-json-form-ng/src/lib/core/index.ts
ModuleName: ./lib/core/context
Root /home/ianchi/dev/ianchi_wrt/reactive-json-form-ng/projects/reactive-json-form-ng/src/public_api
FileName:  /home/ianchi/dev/ianchi_wrt/reactive-json-form-ng/projects/reactive-json-form-ng/src/lib/core/context
ConainingFile:  /home/ianchi/dev/ianchi_wrt/reactive-json-form-ng/projects/reactive-json-form-ng/src/public_api
ResolvedModule:  /home/ianchi/dev/ianchi_wrt/reactive-json-form-ng/projects/reactive-json-form-ng/src/lib/core/context.ts
SourceFile:  /home/ianchi/dev/ianchi_wrt/reactive-json-form-ng/projects/reactive-json-form-ng/src/lib/core/context.ts
ModuleName: ./lib/core/abstractwidget
Root /home/ianchi/dev/ianchi_wrt/reactive-json-form-ng/projects/reactive-json-form-ng/src/public_api
FileName:  /home/ianchi/dev/ianchi_wrt/reactive-json-form-ng/projects/reactive-json-form-ng/src/lib/core/abstractwidget
ConainingFile:  /home/ianchi/dev/ianchi_wrt/reactive-json-form-ng/projects/reactive-json-form-ng/src/public_api
ResolvedModule:  /home/ianchi/dev/ianchi_wrt/reactive-json-form-ng/projects/reactive-json-form-ng/src/lib/core/abstractwidget.ts
SourceFile:  /home/ianchi/dev/ianchi_wrt/reactive-json-form-ng/projects/reactive-json-form-ng/src/lib/core/abstractwidget.ts
ModuleName: ./lib/core/widget.directive
Root /home/ianchi/dev/ianchi_wrt/reactive-json-form-ng/projects/reactive-json-form-ng/src/public_api
FileName:  /home/ianchi/dev/ianchi_wrt/reactive-json-form-ng/projects/reactive-json-form-ng/src/lib/core/widget.directive
ConainingFile:  /home/ianchi/dev/ianchi_wrt/reactive-json-form-ng/projects/reactive-json-form-ng/src/public_api
ResolvedModule:  /home/ianchi/dev/ianchi_wrt/reactive-json-form-ng/projects/reactive-json-form-ng/src/lib/core/widget.directive.ts
SourceFile:  /home/ianchi/dev/ianchi_wrt/reactive-json-form-ng/projects/reactive-json-form-ng/src/lib/core/widget.directive.ts
ModuleName: ./lib/core/widget.interface
Root /home/ianchi/dev/ianchi_wrt/reactive-json-form-ng/projects/reactive-json-form-ng/src/public_api
FileName:  /home/ianchi/dev/ianchi_wrt/reactive-json-form-ng/projects/reactive-json-form-ng/src/lib/core/widget.interface
ConainingFile:  /home/ianchi/dev/ianchi_wrt/reactive-json-form-ng/projects/reactive-json-form-ng/src/public_api
ResolvedModule:  /home/ianchi/dev/ianchi_wrt/reactive-json-form-ng/projects/reactive-json-form-ng/src/lib/core/widget.interface.ts
SourceFile:  /home/ianchi/dev/ianchi_wrt/reactive-json-form-ng/projects/reactive-json-form-ng/src/lib/core/widget.interface.ts
ModuleName: ./lib/core/widgetregistry.service
Root /home/ianchi/dev/ianchi_wrt/reactive-json-form-ng/projects/reactive-json-form-ng/src/public_api
FileName:  /home/ianchi/dev/ianchi_wrt/reactive-json-form-ng/projects/reactive-json-form-ng/src/lib/core/widgetregistry.service
ConainingFile:  /home/ianchi/dev/ianchi_wrt/reactive-json-form-ng/projects/reactive-json-form-ng/src/public_api
ResolvedModule:  /home/ianchi/dev/ianchi_wrt/reactive-json-form-ng/projects/reactive-json-form-ng/src/lib/core/widgetregistry.service.ts
SourceFile:  /home/ianchi/dev/ianchi_wrt/reactive-json-form-ng/projects/reactive-json-form-ng/src/lib/core/widgetregistry.service.ts
ModuleName: ./lib/core/core.module
Root /home/ianchi/dev/ianchi_wrt/reactive-json-form-ng/projects/reactive-json-form-ng/src/public_api
FileName:  /home/ianchi/dev/ianchi_wrt/reactive-json-form-ng/projects/reactive-json-form-ng/src/lib/core/core.module
ConainingFile:  /home/ianchi/dev/ianchi_wrt/reactive-json-form-ng/projects/reactive-json-form-ng/src/public_api
ResolvedModule:  /home/ianchi/dev/ianchi_wrt/reactive-json-form-ng/projects/reactive-json-form-ng/src/lib/core/core.module.ts
SourceFile:  /home/ianchi/dev/ianchi_wrt/reactive-json-form-ng/projects/reactive-json-form-ng/src/lib/core/core.module.ts
ModuleName: ./lib/core/format
Root /home/ianchi/dev/ianchi_wrt/reactive-json-form-ng/projects/reactive-json-form-ng/src/public_api
FileName:  /home/ianchi/dev/ianchi_wrt/reactive-json-form-ng/projects/reactive-json-form-ng/src/lib/core/format
ConainingFile:  /home/ianchi/dev/ianchi_wrt/reactive-json-form-ng/projects/reactive-json-form-ng/src/public_api
ResolvedModule:  /home/ianchi/dev/ianchi_wrt/reactive-json-form-ng/projects/reactive-json-form-ng/src/lib/core/format.ts
SourceFile:  /home/ianchi/dev/ianchi_wrt/reactive-json-form-ng/projects/reactive-json-form-ng/src/lib/core/format.ts
ModuleName: ./lib/core/routedwidget.component
Root /home/ianchi/dev/ianchi_wrt/reactive-json-form-ng/projects/reactive-json-form-ng/src/public_api
FileName:  /home/ianchi/dev/ianchi_wrt/reactive-json-form-ng/projects/reactive-json-form-ng/src/lib/core/routedwidget.component
ConainingFile:  /home/ianchi/dev/ianchi_wrt/reactive-json-form-ng/projects/reactive-json-form-ng/src/public_api
ResolvedModule:  /home/ianchi/dev/ianchi_wrt/reactive-json-form-ng/projects/reactive-json-form-ng/src/lib/core/routedwidget.component.ts
SourceFile:  /home/ianchi/dev/ianchi_wrt/reactive-json-form-ng/projects/reactive-json-form-ng/src/lib/core/routedwidget.component.ts
ModuleName: ./lib/core/expressions
Root /home/ianchi/dev/ianchi_wrt/reactive-json-form-ng/projects/reactive-json-form-ng/src/public_api
FileName:  /home/ianchi/dev/ianchi_wrt/reactive-json-form-ng/projects/reactive-json-form-ng/src/lib/core/expressions
ConainingFile:  /home/ianchi/dev/ianchi_wrt/reactive-json-form-ng/projects/reactive-json-form-ng/src/public_api
ResolvedModule:  /home/ianchi/dev/ianchi_wrt/reactive-json-form-ng/projects/reactive-json-form-ng/src/lib/core/expressions.ts
SourceFile:  /home/ianchi/dev/ianchi_wrt/reactive-json-form-ng/projects/reactive-json-form-ng/src/lib/core/expressions.ts
ModuleName: ./lib/core/expressionProvider
Root /home/ianchi/dev/ianchi_wrt/reactive-json-form-ng/projects/reactive-json-form-ng/src/public_api
FileName:  /home/ianchi/dev/ianchi_wrt/reactive-json-form-ng/projects/reactive-json-form-ng/src/lib/core/expressionProvider
ConainingFile:  /home/ianchi/dev/ianchi_wrt/reactive-json-form-ng/projects/reactive-json-form-ng/src/public_api
ResolvedModule:  /home/ianchi/dev/ianchi_wrt/reactive-json-form-ng/projects/reactive-json-form-ng/src/lib/core/expressionProvider.ts
SourceFile:  /home/ianchi/dev/ianchi_wrt/reactive-json-form-ng/projects/reactive-json-form-ng/src/lib/core/expressionProvider.ts
ModuleName: ./lib/core/forms/formfieldwidget
Root /home/ianchi/dev/ianchi_wrt/reactive-json-form-ng/projects/reactive-json-form-ng/src/public_api
FileName:  /home/ianchi/dev/ianchi_wrt/reactive-json-form-ng/projects/reactive-json-form-ng/src/lib/core/forms/formfieldwidget
ConainingFile:  /home/ianchi/dev/ianchi_wrt/reactive-json-form-ng/projects/reactive-json-form-ng/src/public_api
ResolvedModule:  /home/ianchi/dev/ianchi_wrt/reactive-json-form-ng/projects/reactive-json-form-ng/src/lib/core/forms/formfieldwidget.ts
SourceFile:  /home/ianchi/dev/ianchi_wrt/reactive-json-form-ng/projects/reactive-json-form-ng/src/lib/core/forms/formfieldwidget.ts
ModuleName: ./lib/core/forms/formarraywidget
Root /home/ianchi/dev/ianchi_wrt/reactive-json-form-ng/projects/reactive-json-form-ng/src/public_api
FileName:  /home/ianchi/dev/ianchi_wrt/reactive-json-form-ng/projects/reactive-json-form-ng/src/lib/core/forms/formarraywidget
ConainingFile:  /home/ianchi/dev/ianchi_wrt/reactive-json-form-ng/projects/reactive-json-form-ng/src/public_api
ResolvedModule:  /home/ianchi/dev/ianchi_wrt/reactive-json-form-ng/projects/reactive-json-form-ng/src/lib/core/forms/formarraywidget.ts
SourceFile:  /home/ianchi/dev/ianchi_wrt/reactive-json-form-ng/projects/reactive-json-form-ng/src/lib/core/forms/formarraywidget.ts
ModuleName: ./lib/material
Root /home/ianchi/dev/ianchi_wrt/reactive-json-form-ng/projects/reactive-json-form-ng/src/public_api
FileName:  /home/ianchi/dev/ianchi_wrt/reactive-json-form-ng/projects/reactive-json-form-ng/src/lib/material
ConainingFile:  /home/ianchi/dev/ianchi_wrt/reactive-json-form-ng/projects/reactive-json-form-ng/src/public_api
ResolvedModule:  /home/ianchi/dev/ianchi_wrt/reactive-json-form-ng/projects/reactive-json-form-ng/src/lib/material/index.ts
SourceFile:  /home/ianchi/dev/ianchi_wrt/reactive-json-form-ng/projects/reactive-json-form-ng/src/lib/material/index.ts
ModuleName: ./lib/formfield/formfield.module
Root /home/ianchi/dev/ianchi_wrt/reactive-json-form-ng/projects/reactive-json-form-ng/src/public_api
FileName:  /home/ianchi/dev/ianchi_wrt/reactive-json-form-ng/projects/reactive-json-form-ng/src/lib/formfield/formfield.module
ConainingFile:  /home/ianchi/dev/ianchi_wrt/reactive-json-form-ng/projects/reactive-json-form-ng/src/public_api
ResolvedModule:  undefined
/home/ianchi/dev/ianchi_wrt/reactive-json-form-ng/projects/reactive-json-form-ng/src/lib/formfield/formfield.module.ts -> not found
ModuleName: ./lib/formfield/formfield.module
Root /home/ianchi/dev/ianchi_wrt/reactive-json-form-ng/projects/reactive-json-form-ng/src/public_api
FileName:  /home/ianchi/dev/ianchi_wrt/reactive-json-form-ng/projects/reactive-json-form-ng/src/lib/formfield/formfield.module
ConainingFile:  /home/ianchi/dev/ianchi_wrt/reactive-json-form-ng/projects/reactive-json-form-ng/src/public_api
ResolvedModule:  undefined
/home/ianchi/dev/ianchi_wrt/reactive-json-form-ng/projects/reactive-json-form-ng/src/lib/formfield/formfield.module.ts -> not found
ModuleName: ./lib/common/common.module
Root /home/ianchi/dev/ianchi_wrt/reactive-json-form-ng/projects/reactive-json-form-ng/src/public_api
FileName:  /home/ianchi/dev/ianchi_wrt/reactive-json-form-ng/projects/reactive-json-form-ng/src/lib/common/common.module
ConainingFile:  /home/ianchi/dev/ianchi_wrt/reactive-json-form-ng/projects/reactive-json-form-ng/src/public_api
ResolvedModule:  undefined
/home/ianchi/dev/ianchi_wrt/reactive-json-form-ng/projects/reactive-json-form-ng/src/lib/common/common.module.ts -> not found
ModuleName: ./lib/common/common.module
Root /home/ianchi/dev/ianchi_wrt/reactive-json-form-ng/projects/reactive-json-form-ng/src/public_api
FileName:  /home/ianchi/dev/ianchi_wrt/reactive-json-form-ng/projects/reactive-json-form-ng/src/lib/common/common.module
ConainingFile:  /home/ianchi/dev/ianchi_wrt/reactive-json-form-ng/projects/reactive-json-form-ng/src/public_api
ResolvedModule:  undefined
/home/ianchi/dev/ianchi_wrt/reactive-json-form-ng/projects/reactive-json-form-ng/src/lib/common/common.module.ts -> not found
ModuleName: ./lib/material.module
Root /home/ianchi/dev/ianchi_wrt/reactive-json-form-ng/projects/reactive-json-form-ng/src/public_api
FileName:  /home/ianchi/dev/ianchi_wrt/reactive-json-form-ng/projects/reactive-json-form-ng/src/lib/material.module
ConainingFile:  /home/ianchi/dev/ianchi_wrt/reactive-json-form-ng/projects/reactive-json-form-ng/src/public_api
ResolvedModule:  undefined
/home/ianchi/dev/ianchi_wrt/reactive-json-form-ng/projects/reactive-json-form-ng/src/lib/material.module.ts -> not found
ModuleName: ./lib/material.module
Root /home/ianchi/dev/ianchi_wrt/reactive-json-form-ng/projects/reactive-json-form-ng/src/public_api
FileName:  /home/ianchi/dev/ianchi_wrt/reactive-json-form-ng/projects/reactive-json-form-ng/src/lib/material.module
ConainingFile:  /home/ianchi/dev/ianchi_wrt/reactive-json-form-ng/projects/reactive-json-form-ng/src/public_api
ResolvedModule:  undefined
/home/ianchi/dev/ianchi_wrt/reactive-json-form-ng/projects/reactive-json-form-ng/src/lib/material.module.ts -> not found
ModuleName: ./lib/schema/index
Root /home/ianchi/dev/ianchi_wrt/reactive-json-form-ng/projects/reactive-json-form-ng/src/public_api
FileName:  /home/ianchi/dev/ianchi_wrt/reactive-json-form-ng/projects/reactive-json-form-ng/src/lib/schema/index
ConainingFile:  /home/ianchi/dev/ianchi_wrt/reactive-json-form-ng/projects/reactive-json-form-ng/src/public_api
ResolvedModule:  /home/ianchi/dev/ianchi_wrt/reactive-json-form-ng/projects/reactive-json-form-ng/src/lib/schema/index.ts
SourceFile:  /home/ianchi/dev/ianchi_wrt/reactive-json-form-ng/projects/reactive-json-form-ng/src/lib/schema/index.ts
ModuleName: ./lib/schema/validation
Root /home/ianchi/dev/ianchi_wrt/reactive-json-form-ng/projects/reactive-json-form-ng/src/public_api
FileName:  /home/ianchi/dev/ianchi_wrt/reactive-json-form-ng/projects/reactive-json-form-ng/src/lib/schema/validation
ConainingFile:  /home/ianchi/dev/ianchi_wrt/reactive-json-form-ng/projects/reactive-json-form-ng/src/public_api
ResolvedModule:  /home/ianchi/dev/ianchi_wrt/reactive-json-form-ng/projects/reactive-json-form-ng/src/lib/schema/validation/index.ts
SourceFile:  /home/ianchi/dev/ianchi_wrt/reactive-json-form-ng/projects/reactive-json-form-ng/src/lib/schema/validation/index.ts
ModuleName: ./lib/schema/multi
Root /home/ianchi/dev/ianchi_wrt/reactive-json-form-ng/projects/reactive-json-form-ng/src/public_api
FileName:  /home/ianchi/dev/ianchi_wrt/reactive-json-form-ng/projects/reactive-json-form-ng/src/lib/schema/multi
ConainingFile:  /home/ianchi/dev/ianchi_wrt/reactive-json-form-ng/projects/reactive-json-form-ng/src/public_api
ResolvedModule:  undefined
/home/ianchi/dev/ianchi_wrt/reactive-json-form-ng/projects/reactive-json-form-ng/src/lib/schema/multi.ts -> not found
ModuleName: ./lib/schema/format
Root /home/ianchi/dev/ianchi_wrt/reactive-json-form-ng/projects/reactive-json-form-ng/src/public_api
FileName:  /home/ianchi/dev/ianchi_wrt/reactive-json-form-ng/projects/reactive-json-form-ng/src/lib/schema/format
ConainingFile:  /home/ianchi/dev/ianchi_wrt/reactive-json-form-ng/projects/reactive-json-form-ng/src/public_api
ResolvedModule:  undefined
/home/ianchi/dev/ianchi_wrt/reactive-json-form-ng/projects/reactive-json-form-ng/src/lib/schema/format.ts -> not found
ModuleName: ./lib/schema/interface
Root /home/ianchi/dev/ianchi_wrt/reactive-json-form-ng/projects/reactive-json-form-ng/src/public_api
FileName:  /home/ianchi/dev/ianchi_wrt/reactive-json-form-ng/projects/reactive-json-form-ng/src/lib/schema/interface
ConainingFile:  /home/ianchi/dev/ianchi_wrt/reactive-json-form-ng/projects/reactive-json-form-ng/src/public_api
ResolvedModule:  /home/ianchi/dev/ianchi_wrt/reactive-json-form-ng/projects/reactive-json-form-ng/src/lib/schema/interface.ts
SourceFile:  /home/ianchi/dev/ianchi_wrt/reactive-json-form-ng/projects/reactive-json-form-ng/src/lib/schema/interface.ts
ModuleName: ./lib/schema/builder
Root /home/ianchi/dev/ianchi_wrt/reactive-json-form-ng/projects/reactive-json-form-ng/src/public_api
FileName:  /home/ianchi/dev/ianchi_wrt/reactive-json-form-ng/projects/reactive-json-form-ng/src/lib/schema/builder
ConainingFile:  /home/ianchi/dev/ianchi_wrt/reactive-json-form-ng/projects/reactive-json-form-ng/src/public_api
ResolvedModule:  /home/ianchi/dev/ianchi_wrt/reactive-json-form-ng/projects/reactive-json-form-ng/src/lib/schema/builder.ts
SourceFile:  /home/ianchi/dev/ianchi_wrt/reactive-json-form-ng/projects/reactive-json-form-ng/src/lib/schema/builder.ts
ModuleName: ./lib/core/defaultwidget.component
Root /home/ianchi/dev/ianchi_wrt/reactive-json-form-ng/projects/reactive-json-form-ng/src/public_api
FileName:  /home/ianchi/dev/ianchi_wrt/reactive-json-form-ng/projects/reactive-json-form-ng/src/lib/core/defaultwidget.component
ConainingFile:  /home/ianchi/dev/ianchi_wrt/reactive-json-form-ng/projects/reactive-json-form-ng/src/public_api
ResolvedModule:  /home/ianchi/dev/ianchi_wrt/reactive-json-form-ng/projects/reactive-json-form-ng/src/lib/core/defaultwidget.component.ts
SourceFile:  /home/ianchi/dev/ianchi_wrt/reactive-json-form-ng/projects/reactive-json-form-ng/src/lib/core/defaultwidget.component.ts
ModuleName: ./lib/material.module
Root /home/ianchi/dev/ianchi_wrt/reactive-json-form-ng/projects/reactive-json-form-ng/src/public_api
FileName:  /home/ianchi/dev/ianchi_wrt/reactive-json-form-ng/projects/reactive-json-form-ng/src/lib/material.module
ConainingFile:  /home/ianchi/dev/ianchi_wrt/reactive-json-form-ng/projects/reactive-json-form-ng/src/public_api
ResolvedModule:  undefined
/home/ianchi/dev/ianchi_wrt/reactive-json-form-ng/projects/reactive-json-form-ng/src/lib/material.module.ts -> not found
ModuleName: ./lib/schema/multi
Root /home/ianchi/dev/ianchi_wrt/reactive-json-form-ng/projects/reactive-json-form-ng/src/public_api
FileName:  /home/ianchi/dev/ianchi_wrt/reactive-json-form-ng/projects/reactive-json-form-ng/src/lib/schema/multi
ConainingFile:  /home/ianchi/dev/ianchi_wrt/reactive-json-form-ng/projects/reactive-json-form-ng/src/public_api
ResolvedModule:  undefined
/home/ianchi/dev/ianchi_wrt/reactive-json-form-ng/projects/reactive-json-form-ng/src/lib/schema/multi.ts -> not found
ModuleName: ./lib/schema/format
Root /home/ianchi/dev/ianchi_wrt/reactive-json-form-ng/projects/reactive-json-form-ng/src/public_api
FileName:  /home/ianchi/dev/ianchi_wrt/reactive-json-form-ng/projects/reactive-json-form-ng/src/lib/schema/format
ConainingFile:  /home/ianchi/dev/ianchi_wrt/reactive-json-form-ng/projects/reactive-json-form-ng/src/public_api
ResolvedModule:  undefined
/home/ianchi/dev/ianchi_wrt/reactive-json-form-ng/projects/reactive-json-form-ng/src/lib/schema/format.ts -> not found
ModuleName: ./lib/schema/format
Root /home/ianchi/dev/ianchi_wrt/reactive-json-form-ng/projects/reactive-json-form-ng/src/public_api
FileName:  /home/ianchi/dev/ianchi_wrt/reactive-json-form-ng/projects/reactive-json-form-ng/src/lib/schema/format
ConainingFile:  /home/ianchi/dev/ianchi_wrt/reactive-json-form-ng/projects/reactive-json-form-ng/src/public_api
ResolvedModule:  undefined
/home/ianchi/dev/ianchi_wrt/reactive-json-form-ng/projects/reactive-json-form-ng/src/lib/schema/format.ts -> not found
ModuleName: ./lib/schema/format
Root /home/ianchi/dev/ianchi_wrt/reactive-json-form-ng/projects/reactive-json-form-ng/src/public_api
FileName:  /home/ianchi/dev/ianchi_wrt/reactive-json-form-ng/projects/reactive-json-form-ng/src/lib/schema/format
ConainingFile:  /home/ianchi/dev/ianchi_wrt/reactive-json-form-ng/projects/reactive-json-form-ng/src/public_api
ResolvedModule:  undefined
/home/ianchi/dev/ianchi_wrt/reactive-json-form-ng/projects/reactive-json-form-ng/src/lib/schema/format.ts -> not found
autoprefixer: /home/ianchi/dev/ianchi_wrt/reactive-json-form-ng/projects/reactive-json-form-ng/src/lib/material/formfield/form/form.component.scss:7:33: auto-fit value is not supported by IE
autoprefixer: /home/ianchi/dev/ianchi_wrt/reactive-json-form-ng/projects/reactive-json-form-ng/src/lib/material/common/grid-container/gridcontainer.component.scss:10:33: auto-fit value is not supported by IE
autoprefixer: /home/ianchi/dev/ianchi_wrt/reactive-json-form-ng/projects/reactive-json-form-ng/src/lib/material/common/grid-container/gridcontainer.component.scss:11:3: grid-auto-flow is not supported by IE
ModuleName: ./public_api
Root /home/ianchi/dev/ianchi_wrt/reactive-json-form-ng/projects/reactive-json-form-ng/src/public_api
FileName:  /home/ianchi/dev/ianchi_wrt/reactive-json-form-ng/projects/reactive-json-form-ng/src/public_api
ConainingFile:  /home/ianchi/dev/ianchi_wrt/reactive-json-form-ng/projects/reactive-json-form-ng/src/public_api
ResolvedModule:  /home/ianchi/dev/ianchi_wrt/reactive-json-form-ng/projects/reactive-json-form-ng/src/public_api.ts
SourceFile:  /home/ianchi/dev/ianchi_wrt/reactive-json-form-ng/projects/reactive-json-form-ng/src/public_api.ts
ModuleName: ./lib/core/index
Root /home/ianchi/dev/ianchi_wrt/reactive-json-form-ng/projects/reactive-json-form-ng/src/public_api
FileName:  /home/ianchi/dev/ianchi_wrt/reactive-json-form-ng/projects/reactive-json-form-ng/src/lib/core/index
ConainingFile:  /home/ianchi/dev/ianchi_wrt/reactive-json-form-ng/projects/reactive-json-form-ng/src/public_api
ResolvedModule:  /home/ianchi/dev/ianchi_wrt/reactive-json-form-ng/projects/reactive-json-form-ng/src/lib/core/index.ts
SourceFile:  /home/ianchi/dev/ianchi_wrt/reactive-json-form-ng/projects/reactive-json-form-ng/src/lib/core/index.ts
ModuleName: ./lib/core/context
Root /home/ianchi/dev/ianchi_wrt/reactive-json-form-ng/projects/reactive-json-form-ng/src/public_api
FileName:  /home/ianchi/dev/ianchi_wrt/reactive-json-form-ng/projects/reactive-json-form-ng/src/lib/core/context
ConainingFile:  /home/ianchi/dev/ianchi_wrt/reactive-json-form-ng/projects/reactive-json-form-ng/src/public_api
ResolvedModule:  /home/ianchi/dev/ianchi_wrt/reactive-json-form-ng/projects/reactive-json-form-ng/src/lib/core/context.ts
SourceFile:  /home/ianchi/dev/ianchi_wrt/reactive-json-form-ng/projects/reactive-json-form-ng/src/lib/core/context.ts
ModuleName: ./lib/core/abstractwidget
Root /home/ianchi/dev/ianchi_wrt/reactive-json-form-ng/projects/reactive-json-form-ng/src/public_api
FileName:  /home/ianchi/dev/ianchi_wrt/reactive-json-form-ng/projects/reactive-json-form-ng/src/lib/core/abstractwidget
ConainingFile:  /home/ianchi/dev/ianchi_wrt/reactive-json-form-ng/projects/reactive-json-form-ng/src/public_api
ResolvedModule:  /home/ianchi/dev/ianchi_wrt/reactive-json-form-ng/projects/reactive-json-form-ng/src/lib/core/abstractwidget.ts
SourceFile:  /home/ianchi/dev/ianchi_wrt/reactive-json-form-ng/projects/reactive-json-form-ng/src/lib/core/abstractwidget.ts
ModuleName: ./lib/core/widget.directive
Root /home/ianchi/dev/ianchi_wrt/reactive-json-form-ng/projects/reactive-json-form-ng/src/public_api
FileName:  /home/ianchi/dev/ianchi_wrt/reactive-json-form-ng/projects/reactive-json-form-ng/src/lib/core/widget.directive
ConainingFile:  /home/ianchi/dev/ianchi_wrt/reactive-json-form-ng/projects/reactive-json-form-ng/src/public_api
ResolvedModule:  /home/ianchi/dev/ianchi_wrt/reactive-json-form-ng/projects/reactive-json-form-ng/src/lib/core/widget.directive.ts
SourceFile:  /home/ianchi/dev/ianchi_wrt/reactive-json-form-ng/projects/reactive-json-form-ng/src/lib/core/widget.directive.ts
ModuleName: ./lib/core/widget.interface
Root /home/ianchi/dev/ianchi_wrt/reactive-json-form-ng/projects/reactive-json-form-ng/src/public_api
FileName:  /home/ianchi/dev/ianchi_wrt/reactive-json-form-ng/projects/reactive-json-form-ng/src/lib/core/widget.interface
ConainingFile:  /home/ianchi/dev/ianchi_wrt/reactive-json-form-ng/projects/reactive-json-form-ng/src/public_api
ResolvedModule:  /home/ianchi/dev/ianchi_wrt/reactive-json-form-ng/projects/reactive-json-form-ng/src/lib/core/widget.interface.ts
SourceFile:  /home/ianchi/dev/ianchi_wrt/reactive-json-form-ng/projects/reactive-json-form-ng/src/lib/core/widget.interface.ts
ModuleName: ./lib/core/widgetregistry.service
Root /home/ianchi/dev/ianchi_wrt/reactive-json-form-ng/projects/reactive-json-form-ng/src/public_api
FileName:  /home/ianchi/dev/ianchi_wrt/reactive-json-form-ng/projects/reactive-json-form-ng/src/lib/core/widgetregistry.service
ConainingFile:  /home/ianchi/dev/ianchi_wrt/reactive-json-form-ng/projects/reactive-json-form-ng/src/public_api
ResolvedModule:  /home/ianchi/dev/ianchi_wrt/reactive-json-form-ng/projects/reactive-json-form-ng/src/lib/core/widgetregistry.service.ts
SourceFile:  /home/ianchi/dev/ianchi_wrt/reactive-json-form-ng/projects/reactive-json-form-ng/src/lib/core/widgetregistry.service.ts
ModuleName: ./lib/core/core.module
Root /home/ianchi/dev/ianchi_wrt/reactive-json-form-ng/projects/reactive-json-form-ng/src/public_api
FileName:  /home/ianchi/dev/ianchi_wrt/reactive-json-form-ng/projects/reactive-json-form-ng/src/lib/core/core.module
ConainingFile:  /home/ianchi/dev/ianchi_wrt/reactive-json-form-ng/projects/reactive-json-form-ng/src/public_api
ResolvedModule:  /home/ianchi/dev/ianchi_wrt/reactive-json-form-ng/projects/reactive-json-form-ng/src/lib/core/core.module.ts
SourceFile:  /home/ianchi/dev/ianchi_wrt/reactive-json-form-ng/projects/reactive-json-form-ng/src/lib/core/core.module.ts
ModuleName: ./lib/core/format
Root /home/ianchi/dev/ianchi_wrt/reactive-json-form-ng/projects/reactive-json-form-ng/src/public_api
FileName:  /home/ianchi/dev/ianchi_wrt/reactive-json-form-ng/projects/reactive-json-form-ng/src/lib/core/format
ConainingFile:  /home/ianchi/dev/ianchi_wrt/reactive-json-form-ng/projects/reactive-json-form-ng/src/public_api
ResolvedModule:  /home/ianchi/dev/ianchi_wrt/reactive-json-form-ng/projects/reactive-json-form-ng/src/lib/core/format.ts
SourceFile:  /home/ianchi/dev/ianchi_wrt/reactive-json-form-ng/projects/reactive-json-form-ng/src/lib/core/format.ts
ModuleName: ./lib/core/routedwidget.component
Root /home/ianchi/dev/ianchi_wrt/reactive-json-form-ng/projects/reactive-json-form-ng/src/public_api
FileName:  /home/ianchi/dev/ianchi_wrt/reactive-json-form-ng/projects/reactive-json-form-ng/src/lib/core/routedwidget.component
ConainingFile:  /home/ianchi/dev/ianchi_wrt/reactive-json-form-ng/projects/reactive-json-form-ng/src/public_api
ResolvedModule:  /home/ianchi/dev/ianchi_wrt/reactive-json-form-ng/projects/reactive-json-form-ng/src/lib/core/routedwidget.component.ts
SourceFile:  /home/ianchi/dev/ianchi_wrt/reactive-json-form-ng/projects/reactive-json-form-ng/src/lib/core/routedwidget.component.ts
ModuleName: ./lib/core/expressions
Root /home/ianchi/dev/ianchi_wrt/reactive-json-form-ng/projects/reactive-json-form-ng/src/public_api
FileName:  /home/ianchi/dev/ianchi_wrt/reactive-json-form-ng/projects/reactive-json-form-ng/src/lib/core/expressions
ConainingFile:  /home/ianchi/dev/ianchi_wrt/reactive-json-form-ng/projects/reactive-json-form-ng/src/public_api
ResolvedModule:  /home/ianchi/dev/ianchi_wrt/reactive-json-form-ng/projects/reactive-json-form-ng/src/lib/core/expressions.ts
SourceFile:  /home/ianchi/dev/ianchi_wrt/reactive-json-form-ng/projects/reactive-json-form-ng/src/lib/core/expressions.ts
ModuleName: ./lib/core/expressionProvider
Root /home/ianchi/dev/ianchi_wrt/reactive-json-form-ng/projects/reactive-json-form-ng/src/public_api
FileName:  /home/ianchi/dev/ianchi_wrt/reactive-json-form-ng/projects/reactive-json-form-ng/src/lib/core/expressionProvider
ConainingFile:  /home/ianchi/dev/ianchi_wrt/reactive-json-form-ng/projects/reactive-json-form-ng/src/public_api
ResolvedModule:  /home/ianchi/dev/ianchi_wrt/reactive-json-form-ng/projects/reactive-json-form-ng/src/lib/core/expressionProvider.ts
SourceFile:  /home/ianchi/dev/ianchi_wrt/reactive-json-form-ng/projects/reactive-json-form-ng/src/lib/core/expressionProvider.ts
ModuleName: ./lib/core/forms/formfieldwidget
Root /home/ianchi/dev/ianchi_wrt/reactive-json-form-ng/projects/reactive-json-form-ng/src/public_api
FileName:  /home/ianchi/dev/ianchi_wrt/reactive-json-form-ng/projects/reactive-json-form-ng/src/lib/core/forms/formfieldwidget
ConainingFile:  /home/ianchi/dev/ianchi_wrt/reactive-json-form-ng/projects/reactive-json-form-ng/src/public_api
ResolvedModule:  /home/ianchi/dev/ianchi_wrt/reactive-json-form-ng/projects/reactive-json-form-ng/src/lib/core/forms/formfieldwidget.ts
SourceFile:  /home/ianchi/dev/ianchi_wrt/reactive-json-form-ng/projects/reactive-json-form-ng/src/lib/core/forms/formfieldwidget.ts
ModuleName: ./lib/core/forms/formarraywidget
Root /home/ianchi/dev/ianchi_wrt/reactive-json-form-ng/projects/reactive-json-form-ng/src/public_api
FileName:  /home/ianchi/dev/ianchi_wrt/reactive-json-form-ng/projects/reactive-json-form-ng/src/lib/core/forms/formarraywidget
ConainingFile:  /home/ianchi/dev/ianchi_wrt/reactive-json-form-ng/projects/reactive-json-form-ng/src/public_api
ResolvedModule:  /home/ianchi/dev/ianchi_wrt/reactive-json-form-ng/projects/reactive-json-form-ng/src/lib/core/forms/formarraywidget.ts
SourceFile:  /home/ianchi/dev/ianchi_wrt/reactive-json-form-ng/projects/reactive-json-form-ng/src/lib/core/forms/formarraywidget.ts
ModuleName: ./lib/material
Root /home/ianchi/dev/ianchi_wrt/reactive-json-form-ng/projects/reactive-json-form-ng/src/public_api
FileName:  /home/ianchi/dev/ianchi_wrt/reactive-json-form-ng/projects/reactive-json-form-ng/src/lib/material
ConainingFile:  /home/ianchi/dev/ianchi_wrt/reactive-json-form-ng/projects/reactive-json-form-ng/src/public_api
ResolvedModule:  /home/ianchi/dev/ianchi_wrt/reactive-json-form-ng/projects/reactive-json-form-ng/src/lib/material/index.ts
SourceFile:  /home/ianchi/dev/ianchi_wrt/reactive-json-form-ng/projects/reactive-json-form-ng/src/lib/material/index.ts
ModuleName: ./lib/formfield/formfield.module
Root /home/ianchi/dev/ianchi_wrt/reactive-json-form-ng/projects/reactive-json-form-ng/src/public_api
FileName:  /home/ianchi/dev/ianchi_wrt/reactive-json-form-ng/projects/reactive-json-form-ng/src/lib/formfield/formfield.module
ConainingFile:  /home/ianchi/dev/ianchi_wrt/reactive-json-form-ng/projects/reactive-json-form-ng/src/public_api
ResolvedModule:  undefined
/home/ianchi/dev/ianchi_wrt/reactive-json-form-ng/projects/reactive-json-form-ng/src/lib/formfield/formfield.module.ts -> not found
ModuleName: ./lib/formfield/formfield.module
Root /home/ianchi/dev/ianchi_wrt/reactive-json-form-ng/projects/reactive-json-form-ng/src/public_api
FileName:  /home/ianchi/dev/ianchi_wrt/reactive-json-form-ng/projects/reactive-json-form-ng/src/lib/formfield/formfield.module
ConainingFile:  /home/ianchi/dev/ianchi_wrt/reactive-json-form-ng/projects/reactive-json-form-ng/src/public_api
ResolvedModule:  undefined
/home/ianchi/dev/ianchi_wrt/reactive-json-form-ng/projects/reactive-json-form-ng/src/lib/formfield/formfield.module.ts -> not found
ModuleName: ./lib/common/common.module
Root /home/ianchi/dev/ianchi_wrt/reactive-json-form-ng/projects/reactive-json-form-ng/src/public_api
FileName:  /home/ianchi/dev/ianchi_wrt/reactive-json-form-ng/projects/reactive-json-form-ng/src/lib/common/common.module
ConainingFile:  /home/ianchi/dev/ianchi_wrt/reactive-json-form-ng/projects/reactive-json-form-ng/src/public_api
ResolvedModule:  undefined
/home/ianchi/dev/ianchi_wrt/reactive-json-form-ng/projects/reactive-json-form-ng/src/lib/common/common.module.ts -> not found
ModuleName: ./lib/common/common.module
Root /home/ianchi/dev/ianchi_wrt/reactive-json-form-ng/projects/reactive-json-form-ng/src/public_api
FileName:  /home/ianchi/dev/ianchi_wrt/reactive-json-form-ng/projects/reactive-json-form-ng/src/lib/common/common.module
ConainingFile:  /home/ianchi/dev/ianchi_wrt/reactive-json-form-ng/projects/reactive-json-form-ng/src/public_api
ResolvedModule:  undefined
/home/ianchi/dev/ianchi_wrt/reactive-json-form-ng/projects/reactive-json-form-ng/src/lib/common/common.module.ts -> not found
ModuleName: ./lib/material.module
Root /home/ianchi/dev/ianchi_wrt/reactive-json-form-ng/projects/reactive-json-form-ng/src/public_api
FileName:  /home/ianchi/dev/ianchi_wrt/reactive-json-form-ng/projects/reactive-json-form-ng/src/lib/material.module
ConainingFile:  /home/ianchi/dev/ianchi_wrt/reactive-json-form-ng/projects/reactive-json-form-ng/src/public_api
ResolvedModule:  undefined
/home/ianchi/dev/ianchi_wrt/reactive-json-form-ng/projects/reactive-json-form-ng/src/lib/material.module.ts -> not found
ModuleName: ./lib/material.module
Root /home/ianchi/dev/ianchi_wrt/reactive-json-form-ng/projects/reactive-json-form-ng/src/public_api
FileName:  /home/ianchi/dev/ianchi_wrt/reactive-json-form-ng/projects/reactive-json-form-ng/src/lib/material.module
ConainingFile:  /home/ianchi/dev/ianchi_wrt/reactive-json-form-ng/projects/reactive-json-form-ng/src/public_api
ResolvedModule:  undefined
/home/ianchi/dev/ianchi_wrt/reactive-json-form-ng/projects/reactive-json-form-ng/src/lib/material.module.ts -> not found
ModuleName: ./lib/schema/index
Root /home/ianchi/dev/ianchi_wrt/reactive-json-form-ng/projects/reactive-json-form-ng/src/public_api
FileName:  /home/ianchi/dev/ianchi_wrt/reactive-json-form-ng/projects/reactive-json-form-ng/src/lib/schema/index
ConainingFile:  /home/ianchi/dev/ianchi_wrt/reactive-json-form-ng/projects/reactive-json-form-ng/src/public_api
ResolvedModule:  /home/ianchi/dev/ianchi_wrt/reactive-json-form-ng/projects/reactive-json-form-ng/src/lib/schema/index.ts
SourceFile:  /home/ianchi/dev/ianchi_wrt/reactive-json-form-ng/projects/reactive-json-form-ng/src/lib/schema/index.ts
ModuleName: ./lib/schema/validation
Root /home/ianchi/dev/ianchi_wrt/reactive-json-form-ng/projects/reactive-json-form-ng/src/public_api
FileName:  /home/ianchi/dev/ianchi_wrt/reactive-json-form-ng/projects/reactive-json-form-ng/src/lib/schema/validation
ConainingFile:  /home/ianchi/dev/ianchi_wrt/reactive-json-form-ng/projects/reactive-json-form-ng/src/public_api
ResolvedModule:  /home/ianchi/dev/ianchi_wrt/reactive-json-form-ng/projects/reactive-json-form-ng/src/lib/schema/validation/index.ts
SourceFile:  /home/ianchi/dev/ianchi_wrt/reactive-json-form-ng/projects/reactive-json-form-ng/src/lib/schema/validation/index.ts
ModuleName: ./lib/schema/multi
Root /home/ianchi/dev/ianchi_wrt/reactive-json-form-ng/projects/reactive-json-form-ng/src/public_api
FileName:  /home/ianchi/dev/ianchi_wrt/reactive-json-form-ng/projects/reactive-json-form-ng/src/lib/schema/multi
ConainingFile:  /home/ianchi/dev/ianchi_wrt/reactive-json-form-ng/projects/reactive-json-form-ng/src/public_api
ResolvedModule:  undefined
/home/ianchi/dev/ianchi_wrt/reactive-json-form-ng/projects/reactive-json-form-ng/src/lib/schema/multi.ts -> not found
ModuleName: ./lib/schema/format
Root /home/ianchi/dev/ianchi_wrt/reactive-json-form-ng/projects/reactive-json-form-ng/src/public_api
FileName:  /home/ianchi/dev/ianchi_wrt/reactive-json-form-ng/projects/reactive-json-form-ng/src/lib/schema/format
ConainingFile:  /home/ianchi/dev/ianchi_wrt/reactive-json-form-ng/projects/reactive-json-form-ng/src/public_api
ResolvedModule:  undefined
/home/ianchi/dev/ianchi_wrt/reactive-json-form-ng/projects/reactive-json-form-ng/src/lib/schema/format.ts -> not found
ModuleName: ./lib/schema/interface
Root /home/ianchi/dev/ianchi_wrt/reactive-json-form-ng/projects/reactive-json-form-ng/src/public_api
FileName:  /home/ianchi/dev/ianchi_wrt/reactive-json-form-ng/projects/reactive-json-form-ng/src/lib/schema/interface
ConainingFile:  /home/ianchi/dev/ianchi_wrt/reactive-json-form-ng/projects/reactive-json-form-ng/src/public_api
ResolvedModule:  /home/ianchi/dev/ianchi_wrt/reactive-json-form-ng/projects/reactive-json-form-ng/src/lib/schema/interface.ts
SourceFile:  /home/ianchi/dev/ianchi_wrt/reactive-json-form-ng/projects/reactive-json-form-ng/src/lib/schema/interface.ts
ModuleName: ./lib/schema/builder
Root /home/ianchi/dev/ianchi_wrt/reactive-json-form-ng/projects/reactive-json-form-ng/src/public_api
FileName:  /home/ianchi/dev/ianchi_wrt/reactive-json-form-ng/projects/reactive-json-form-ng/src/lib/schema/builder
ConainingFile:  /home/ianchi/dev/ianchi_wrt/reactive-json-form-ng/projects/reactive-json-form-ng/src/public_api
ResolvedModule:  /home/ianchi/dev/ianchi_wrt/reactive-json-form-ng/projects/reactive-json-form-ng/src/lib/schema/builder.ts
SourceFile:  /home/ianchi/dev/ianchi_wrt/reactive-json-form-ng/projects/reactive-json-form-ng/src/lib/schema/builder.ts
ModuleName: ./lib/core/defaultwidget.component
Root /home/ianchi/dev/ianchi_wrt/reactive-json-form-ng/projects/reactive-json-form-ng/src/public_api
FileName:  /home/ianchi/dev/ianchi_wrt/reactive-json-form-ng/projects/reactive-json-form-ng/src/lib/core/defaultwidget.component
ConainingFile:  /home/ianchi/dev/ianchi_wrt/reactive-json-form-ng/projects/reactive-json-form-ng/src/public_api
ResolvedModule:  /home/ianchi/dev/ianchi_wrt/reactive-json-form-ng/projects/reactive-json-form-ng/src/lib/core/defaultwidget.component.ts
SourceFile:  /home/ianchi/dev/ianchi_wrt/reactive-json-form-ng/projects/reactive-json-form-ng/src/lib/core/defaultwidget.component.ts
ModuleName: ./lib/material.module
Root /home/ianchi/dev/ianchi_wrt/reactive-json-form-ng/projects/reactive-json-form-ng/src/public_api
FileName:  /home/ianchi/dev/ianchi_wrt/reactive-json-form-ng/projects/reactive-json-form-ng/src/lib/material.module
ConainingFile:  /home/ianchi/dev/ianchi_wrt/reactive-json-form-ng/projects/reactive-json-form-ng/src/public_api
ResolvedModule:  undefined
/home/ianchi/dev/ianchi_wrt/reactive-json-form-ng/projects/reactive-json-form-ng/src/lib/material.module.ts -> not found
ModuleName: ./lib/schema/multi
Root /home/ianchi/dev/ianchi_wrt/reactive-json-form-ng/projects/reactive-json-form-ng/src/public_api
FileName:  /home/ianchi/dev/ianchi_wrt/reactive-json-form-ng/projects/reactive-json-form-ng/src/lib/schema/multi
ConainingFile:  /home/ianchi/dev/ianchi_wrt/reactive-json-form-ng/projects/reactive-json-form-ng/src/public_api
ResolvedModule:  undefined
/home/ianchi/dev/ianchi_wrt/reactive-json-form-ng/projects/reactive-json-form-ng/src/lib/schema/multi.ts -> not found
ModuleName: ./lib/schema/format
Root /home/ianchi/dev/ianchi_wrt/reactive-json-form-ng/projects/reactive-json-form-ng/src/public_api
FileName:  /home/ianchi/dev/ianchi_wrt/reactive-json-form-ng/projects/reactive-json-form-ng/src/lib/schema/format
ConainingFile:  /home/ianchi/dev/ianchi_wrt/reactive-json-form-ng/projects/reactive-json-form-ng/src/public_api
ResolvedModule:  undefined
/home/ianchi/dev/ianchi_wrt/reactive-json-form-ng/projects/reactive-json-form-ng/src/lib/schema/format.ts -> not found
ModuleName: ./lib/schema/format
Root /home/ianchi/dev/ianchi_wrt/reactive-json-form-ng/projects/reactive-json-form-ng/src/public_api
FileName:  /home/ianchi/dev/ianchi_wrt/reactive-json-form-ng/projects/reactive-json-form-ng/src/lib/schema/format
ConainingFile:  /home/ianchi/dev/ianchi_wrt/reactive-json-form-ng/projects/reactive-json-form-ng/src/public_api
ResolvedModule:  undefined
/home/ianchi/dev/ianchi_wrt/reactive-json-form-ng/projects/reactive-json-form-ng/src/lib/schema/format.ts -> not found
ModuleName: ./lib/schema/format
Root /home/ianchi/dev/ianchi_wrt/reactive-json-form-ng/projects/reactive-json-form-ng/src/public_api
FileName:  /home/ianchi/dev/ianchi_wrt/reactive-json-form-ng/projects/reactive-json-form-ng/src/lib/schema/format
ConainingFile:  /home/ianchi/dev/ianchi_wrt/reactive-json-form-ng/projects/reactive-json-form-ng/src/public_api
ResolvedModule:  undefined
/home/ianchi/dev/ianchi_wrt/reactive-json-form-ng/projects/reactive-json-form-ng/src/lib/schema/format.ts -> not found
ModuleName: ./public_api
Root /home/ianchi/dev/ianchi_wrt/reactive-json-form-ng/projects/reactive-json-form-ng/src/public_api
FileName:  /home/ianchi/dev/ianchi_wrt/reactive-json-form-ng/projects/reactive-json-form-ng/src/public_api
ConainingFile:  /home/ianchi/dev/ianchi_wrt/reactive-json-form-ng/projects/reactive-json-form-ng/src/public_api
ResolvedModule:  /home/ianchi/dev/ianchi_wrt/reactive-json-form-ng/projects/reactive-json-form-ng/src/public_api.ts
SourceFile:  /home/ianchi/dev/ianchi_wrt/reactive-json-form-ng/projects/reactive-json-form-ng/src/public_api.ts
ModuleName: ./lib/core/index
Root /home/ianchi/dev/ianchi_wrt/reactive-json-form-ng/projects/reactive-json-form-ng/src/public_api
FileName:  /home/ianchi/dev/ianchi_wrt/reactive-json-form-ng/projects/reactive-json-form-ng/src/lib/core/index
ConainingFile:  /home/ianchi/dev/ianchi_wrt/reactive-json-form-ng/projects/reactive-json-form-ng/src/public_api
ResolvedModule:  /home/ianchi/dev/ianchi_wrt/reactive-json-form-ng/projects/reactive-json-form-ng/src/lib/core/index.ts
SourceFile:  /home/ianchi/dev/ianchi_wrt/reactive-json-form-ng/projects/reactive-json-form-ng/src/lib/core/index.ts
ModuleName: ./lib/core/context
Root /home/ianchi/dev/ianchi_wrt/reactive-json-form-ng/projects/reactive-json-form-ng/src/public_api
FileName:  /home/ianchi/dev/ianchi_wrt/reactive-json-form-ng/projects/reactive-json-form-ng/src/lib/core/context
ConainingFile:  /home/ianchi/dev/ianchi_wrt/reactive-json-form-ng/projects/reactive-json-form-ng/src/public_api
ResolvedModule:  /home/ianchi/dev/ianchi_wrt/reactive-json-form-ng/projects/reactive-json-form-ng/src/lib/core/context.ts
SourceFile:  /home/ianchi/dev/ianchi_wrt/reactive-json-form-ng/projects/reactive-json-form-ng/src/lib/core/context.ts
ModuleName: ./lib/core/abstractwidget
Root /home/ianchi/dev/ianchi_wrt/reactive-json-form-ng/projects/reactive-json-form-ng/src/public_api
FileName:  /home/ianchi/dev/ianchi_wrt/reactive-json-form-ng/projects/reactive-json-form-ng/src/lib/core/abstractwidget
ConainingFile:  /home/ianchi/dev/ianchi_wrt/reactive-json-form-ng/projects/reactive-json-form-ng/src/public_api
ResolvedModule:  /home/ianchi/dev/ianchi_wrt/reactive-json-form-ng/projects/reactive-json-form-ng/src/lib/core/abstractwidget.ts
SourceFile:  /home/ianchi/dev/ianchi_wrt/reactive-json-form-ng/projects/reactive-json-form-ng/src/lib/core/abstractwidget.ts
ModuleName: ./lib/core/widget.directive
Root /home/ianchi/dev/ianchi_wrt/reactive-json-form-ng/projects/reactive-json-form-ng/src/public_api
FileName:  /home/ianchi/dev/ianchi_wrt/reactive-json-form-ng/projects/reactive-json-form-ng/src/lib/core/widget.directive
ConainingFile:  /home/ianchi/dev/ianchi_wrt/reactive-json-form-ng/projects/reactive-json-form-ng/src/public_api
ResolvedModule:  /home/ianchi/dev/ianchi_wrt/reactive-json-form-ng/projects/reactive-json-form-ng/src/lib/core/widget.directive.ts
SourceFile:  /home/ianchi/dev/ianchi_wrt/reactive-json-form-ng/projects/reactive-json-form-ng/src/lib/core/widget.directive.ts
ModuleName: ./lib/core/widget.interface
Root /home/ianchi/dev/ianchi_wrt/reactive-json-form-ng/projects/reactive-json-form-ng/src/public_api
FileName:  /home/ianchi/dev/ianchi_wrt/reactive-json-form-ng/projects/reactive-json-form-ng/src/lib/core/widget.interface
ConainingFile:  /home/ianchi/dev/ianchi_wrt/reactive-json-form-ng/projects/reactive-json-form-ng/src/public_api
ResolvedModule:  /home/ianchi/dev/ianchi_wrt/reactive-json-form-ng/projects/reactive-json-form-ng/src/lib/core/widget.interface.ts
SourceFile:  /home/ianchi/dev/ianchi_wrt/reactive-json-form-ng/projects/reactive-json-form-ng/src/lib/core/widget.interface.ts
ModuleName: ./lib/core/widgetregistry.service
Root /home/ianchi/dev/ianchi_wrt/reactive-json-form-ng/projects/reactive-json-form-ng/src/public_api
FileName:  /home/ianchi/dev/ianchi_wrt/reactive-json-form-ng/projects/reactive-json-form-ng/src/lib/core/widgetregistry.service
ConainingFile:  /home/ianchi/dev/ianchi_wrt/reactive-json-form-ng/projects/reactive-json-form-ng/src/public_api
ResolvedModule:  /home/ianchi/dev/ianchi_wrt/reactive-json-form-ng/projects/reactive-json-form-ng/src/lib/core/widgetregistry.service.ts
SourceFile:  /home/ianchi/dev/ianchi_wrt/reactive-json-form-ng/projects/reactive-json-form-ng/src/lib/core/widgetregistry.service.ts
ModuleName: ./lib/core/core.module
Root /home/ianchi/dev/ianchi_wrt/reactive-json-form-ng/projects/reactive-json-form-ng/src/public_api
FileName:  /home/ianchi/dev/ianchi_wrt/reactive-json-form-ng/projects/reactive-json-form-ng/src/lib/core/core.module
ConainingFile:  /home/ianchi/dev/ianchi_wrt/reactive-json-form-ng/projects/reactive-json-form-ng/src/public_api
ResolvedModule:  /home/ianchi/dev/ianchi_wrt/reactive-json-form-ng/projects/reactive-json-form-ng/src/lib/core/core.module.ts
SourceFile:  /home/ianchi/dev/ianchi_wrt/reactive-json-form-ng/projects/reactive-json-form-ng/src/lib/core/core.module.ts
ModuleName: ./lib/core/format
Root /home/ianchi/dev/ianchi_wrt/reactive-json-form-ng/projects/reactive-json-form-ng/src/public_api
FileName:  /home/ianchi/dev/ianchi_wrt/reactive-json-form-ng/projects/reactive-json-form-ng/src/lib/core/format
ConainingFile:  /home/ianchi/dev/ianchi_wrt/reactive-json-form-ng/projects/reactive-json-form-ng/src/public_api
ResolvedModule:  /home/ianchi/dev/ianchi_wrt/reactive-json-form-ng/projects/reactive-json-form-ng/src/lib/core/format.ts
SourceFile:  /home/ianchi/dev/ianchi_wrt/reactive-json-form-ng/projects/reactive-json-form-ng/src/lib/core/format.ts
ModuleName: ./lib/core/routedwidget.component
Root /home/ianchi/dev/ianchi_wrt/reactive-json-form-ng/projects/reactive-json-form-ng/src/public_api
FileName:  /home/ianchi/dev/ianchi_wrt/reactive-json-form-ng/projects/reactive-json-form-ng/src/lib/core/routedwidget.component
ConainingFile:  /home/ianchi/dev/ianchi_wrt/reactive-json-form-ng/projects/reactive-json-form-ng/src/public_api
ResolvedModule:  /home/ianchi/dev/ianchi_wrt/reactive-json-form-ng/projects/reactive-json-form-ng/src/lib/core/routedwidget.component.ts
SourceFile:  /home/ianchi/dev/ianchi_wrt/reactive-json-form-ng/projects/reactive-json-form-ng/src/lib/core/routedwidget.component.ts
ModuleName: ./lib/core/expressions
Root /home/ianchi/dev/ianchi_wrt/reactive-json-form-ng/projects/reactive-json-form-ng/src/public_api
FileName:  /home/ianchi/dev/ianchi_wrt/reactive-json-form-ng/projects/reactive-json-form-ng/src/lib/core/expressions
ConainingFile:  /home/ianchi/dev/ianchi_wrt/reactive-json-form-ng/projects/reactive-json-form-ng/src/public_api
ResolvedModule:  /home/ianchi/dev/ianchi_wrt/reactive-json-form-ng/projects/reactive-json-form-ng/src/lib/core/expressions.ts
SourceFile:  /home/ianchi/dev/ianchi_wrt/reactive-json-form-ng/projects/reactive-json-form-ng/src/lib/core/expressions.ts
ModuleName: ./lib/core/expressionProvider
Root /home/ianchi/dev/ianchi_wrt/reactive-json-form-ng/projects/reactive-json-form-ng/src/public_api
FileName:  /home/ianchi/dev/ianchi_wrt/reactive-json-form-ng/projects/reactive-json-form-ng/src/lib/core/expressionProvider
ConainingFile:  /home/ianchi/dev/ianchi_wrt/reactive-json-form-ng/projects/reactive-json-form-ng/src/public_api
ResolvedModule:  /home/ianchi/dev/ianchi_wrt/reactive-json-form-ng/projects/reactive-json-form-ng/src/lib/core/expressionProvider.ts
SourceFile:  /home/ianchi/dev/ianchi_wrt/reactive-json-form-ng/projects/reactive-json-form-ng/src/lib/core/expressionProvider.ts
ModuleName: ./lib/core/forms/formfieldwidget
Root /home/ianchi/dev/ianchi_wrt/reactive-json-form-ng/projects/reactive-json-form-ng/src/public_api
FileName:  /home/ianchi/dev/ianchi_wrt/reactive-json-form-ng/projects/reactive-json-form-ng/src/lib/core/forms/formfieldwidget
ConainingFile:  /home/ianchi/dev/ianchi_wrt/reactive-json-form-ng/projects/reactive-json-form-ng/src/public_api
ResolvedModule:  /home/ianchi/dev/ianchi_wrt/reactive-json-form-ng/projects/reactive-json-form-ng/src/lib/core/forms/formfieldwidget.ts
SourceFile:  /home/ianchi/dev/ianchi_wrt/reactive-json-form-ng/projects/reactive-json-form-ng/src/lib/core/forms/formfieldwidget.ts
ModuleName: ./lib/core/forms/formarraywidget
Root /home/ianchi/dev/ianchi_wrt/reactive-json-form-ng/projects/reactive-json-form-ng/src/public_api
FileName:  /home/ianchi/dev/ianchi_wrt/reactive-json-form-ng/projects/reactive-json-form-ng/src/lib/core/forms/formarraywidget
ConainingFile:  /home/ianchi/dev/ianchi_wrt/reactive-json-form-ng/projects/reactive-json-form-ng/src/public_api
ResolvedModule:  /home/ianchi/dev/ianchi_wrt/reactive-json-form-ng/projects/reactive-json-form-ng/src/lib/core/forms/formarraywidget.ts
SourceFile:  /home/ianchi/dev/ianchi_wrt/reactive-json-form-ng/projects/reactive-json-form-ng/src/lib/core/forms/formarraywidget.ts
ModuleName: ./lib/material
Root /home/ianchi/dev/ianchi_wrt/reactive-json-form-ng/projects/reactive-json-form-ng/src/public_api
FileName:  /home/ianchi/dev/ianchi_wrt/reactive-json-form-ng/projects/reactive-json-form-ng/src/lib/material
ConainingFile:  /home/ianchi/dev/ianchi_wrt/reactive-json-form-ng/projects/reactive-json-form-ng/src/public_api
ResolvedModule:  /home/ianchi/dev/ianchi_wrt/reactive-json-form-ng/projects/reactive-json-form-ng/src/lib/material/index.ts
SourceFile:  /home/ianchi/dev/ianchi_wrt/reactive-json-form-ng/projects/reactive-json-form-ng/src/lib/material/index.ts
ModuleName: ./lib/formfield/formfield.module
Root /home/ianchi/dev/ianchi_wrt/reactive-json-form-ng/projects/reactive-json-form-ng/src/public_api
FileName:  /home/ianchi/dev/ianchi_wrt/reactive-json-form-ng/projects/reactive-json-form-ng/src/lib/formfield/formfield.module
ConainingFile:  /home/ianchi/dev/ianchi_wrt/reactive-json-form-ng/projects/reactive-json-form-ng/src/public_api
ResolvedModule:  undefined
/home/ianchi/dev/ianchi_wrt/reactive-json-form-ng/projects/reactive-json-form-ng/src/lib/formfield/formfield.module.ts -> not found
ModuleName: ./lib/formfield/formfield.module
Root /home/ianchi/dev/ianchi_wrt/reactive-json-form-ng/projects/reactive-json-form-ng/src/public_api
FileName:  /home/ianchi/dev/ianchi_wrt/reactive-json-form-ng/projects/reactive-json-form-ng/src/lib/formfield/formfield.module
ConainingFile:  /home/ianchi/dev/ianchi_wrt/reactive-json-form-ng/projects/reactive-json-form-ng/src/public_api
ResolvedModule:  undefined
/home/ianchi/dev/ianchi_wrt/reactive-json-form-ng/projects/reactive-json-form-ng/src/lib/formfield/formfield.module.ts -> not found
ModuleName: ./lib/common/common.module
Root /home/ianchi/dev/ianchi_wrt/reactive-json-form-ng/projects/reactive-json-form-ng/src/public_api
FileName:  /home/ianchi/dev/ianchi_wrt/reactive-json-form-ng/projects/reactive-json-form-ng/src/lib/common/common.module
ConainingFile:  /home/ianchi/dev/ianchi_wrt/reactive-json-form-ng/projects/reactive-json-form-ng/src/public_api
ResolvedModule:  undefined
/home/ianchi/dev/ianchi_wrt/reactive-json-form-ng/projects/reactive-json-form-ng/src/lib/common/common.module.ts -> not found
ModuleName: ./lib/common/common.module
Root /home/ianchi/dev/ianchi_wrt/reactive-json-form-ng/projects/reactive-json-form-ng/src/public_api
FileName:  /home/ianchi/dev/ianchi_wrt/reactive-json-form-ng/projects/reactive-json-form-ng/src/lib/common/common.module
ConainingFile:  /home/ianchi/dev/ianchi_wrt/reactive-json-form-ng/projects/reactive-json-form-ng/src/public_api
ResolvedModule:  undefined
/home/ianchi/dev/ianchi_wrt/reactive-json-form-ng/projects/reactive-json-form-ng/src/lib/common/common.module.ts -> not found
ModuleName: ./lib/material.module
Root /home/ianchi/dev/ianchi_wrt/reactive-json-form-ng/projects/reactive-json-form-ng/src/public_api
FileName:  /home/ianchi/dev/ianchi_wrt/reactive-json-form-ng/projects/reactive-json-form-ng/src/lib/material.module
ConainingFile:  /home/ianchi/dev/ianchi_wrt/reactive-json-form-ng/projects/reactive-json-form-ng/src/public_api
ResolvedModule:  undefined
/home/ianchi/dev/ianchi_wrt/reactive-json-form-ng/projects/reactive-json-form-ng/src/lib/material.module.ts -> not found
ModuleName: ./lib/material.module
Root /home/ianchi/dev/ianchi_wrt/reactive-json-form-ng/projects/reactive-json-form-ng/src/public_api
FileName:  /home/ianchi/dev/ianchi_wrt/reactive-json-form-ng/projects/reactive-json-form-ng/src/lib/material.module
ConainingFile:  /home/ianchi/dev/ianchi_wrt/reactive-json-form-ng/projects/reactive-json-form-ng/src/public_api
ResolvedModule:  undefined
/home/ianchi/dev/ianchi_wrt/reactive-json-form-ng/projects/reactive-json-form-ng/src/lib/material.module.ts -> not found
ModuleName: ./lib/schema/index
Root /home/ianchi/dev/ianchi_wrt/reactive-json-form-ng/projects/reactive-json-form-ng/src/public_api
FileName:  /home/ianchi/dev/ianchi_wrt/reactive-json-form-ng/projects/reactive-json-form-ng/src/lib/schema/index
ConainingFile:  /home/ianchi/dev/ianchi_wrt/reactive-json-form-ng/projects/reactive-json-form-ng/src/public_api
ResolvedModule:  /home/ianchi/dev/ianchi_wrt/reactive-json-form-ng/projects/reactive-json-form-ng/src/lib/schema/index.ts
SourceFile:  /home/ianchi/dev/ianchi_wrt/reactive-json-form-ng/projects/reactive-json-form-ng/src/lib/schema/index.ts
ModuleName: ./lib/schema/validation
Root /home/ianchi/dev/ianchi_wrt/reactive-json-form-ng/projects/reactive-json-form-ng/src/public_api
FileName:  /home/ianchi/dev/ianchi_wrt/reactive-json-form-ng/projects/reactive-json-form-ng/src/lib/schema/validation
ConainingFile:  /home/ianchi/dev/ianchi_wrt/reactive-json-form-ng/projects/reactive-json-form-ng/src/public_api
ResolvedModule:  /home/ianchi/dev/ianchi_wrt/reactive-json-form-ng/projects/reactive-json-form-ng/src/lib/schema/validation/index.ts
SourceFile:  /home/ianchi/dev/ianchi_wrt/reactive-json-form-ng/projects/reactive-json-form-ng/src/lib/schema/validation/index.ts
ModuleName: ./lib/schema/multi
Root /home/ianchi/dev/ianchi_wrt/reactive-json-form-ng/projects/reactive-json-form-ng/src/public_api
FileName:  /home/ianchi/dev/ianchi_wrt/reactive-json-form-ng/projects/reactive-json-form-ng/src/lib/schema/multi
ConainingFile:  /home/ianchi/dev/ianchi_wrt/reactive-json-form-ng/projects/reactive-json-form-ng/src/public_api
ResolvedModule:  undefined
/home/ianchi/dev/ianchi_wrt/reactive-json-form-ng/projects/reactive-json-form-ng/src/lib/schema/multi.ts -> not found
ModuleName: ./lib/schema/format
Root /home/ianchi/dev/ianchi_wrt/reactive-json-form-ng/projects/reactive-json-form-ng/src/public_api
FileName:  /home/ianchi/dev/ianchi_wrt/reactive-json-form-ng/projects/reactive-json-form-ng/src/lib/schema/format
ConainingFile:  /home/ianchi/dev/ianchi_wrt/reactive-json-form-ng/projects/reactive-json-form-ng/src/public_api
ResolvedModule:  undefined
/home/ianchi/dev/ianchi_wrt/reactive-json-form-ng/projects/reactive-json-form-ng/src/lib/schema/format.ts -> not found
ModuleName: ./lib/schema/interface
Root /home/ianchi/dev/ianchi_wrt/reactive-json-form-ng/projects/reactive-json-form-ng/src/public_api
FileName:  /home/ianchi/dev/ianchi_wrt/reactive-json-form-ng/projects/reactive-json-form-ng/src/lib/schema/interface
ConainingFile:  /home/ianchi/dev/ianchi_wrt/reactive-json-form-ng/projects/reactive-json-form-ng/src/public_api
ResolvedModule:  /home/ianchi/dev/ianchi_wrt/reactive-json-form-ng/projects/reactive-json-form-ng/src/lib/schema/interface.ts
SourceFile:  /home/ianchi/dev/ianchi_wrt/reactive-json-form-ng/projects/reactive-json-form-ng/src/lib/schema/interface.ts
ModuleName: ./lib/schema/builder
Root /home/ianchi/dev/ianchi_wrt/reactive-json-form-ng/projects/reactive-json-form-ng/src/public_api
FileName:  /home/ianchi/dev/ianchi_wrt/reactive-json-form-ng/projects/reactive-json-form-ng/src/lib/schema/builder
ConainingFile:  /home/ianchi/dev/ianchi_wrt/reactive-json-form-ng/projects/reactive-json-form-ng/src/public_api
ResolvedModule:  /home/ianchi/dev/ianchi_wrt/reactive-json-form-ng/projects/reactive-json-form-ng/src/lib/schema/builder.ts
SourceFile:  /home/ianchi/dev/ianchi_wrt/reactive-json-form-ng/projects/reactive-json-form-ng/src/lib/schema/builder.ts
ModuleName: ./lib/core/defaultwidget.component
Root /home/ianchi/dev/ianchi_wrt/reactive-json-form-ng/projects/reactive-json-form-ng/src/public_api
FileName:  /home/ianchi/dev/ianchi_wrt/reactive-json-form-ng/projects/reactive-json-form-ng/src/lib/core/defaultwidget.component
ConainingFile:  /home/ianchi/dev/ianchi_wrt/reactive-json-form-ng/projects/reactive-json-form-ng/src/public_api
ResolvedModule:  /home/ianchi/dev/ianchi_wrt/reactive-json-form-ng/projects/reactive-json-form-ng/src/lib/core/defaultwidget.component.ts
SourceFile:  /home/ianchi/dev/ianchi_wrt/reactive-json-form-ng/projects/reactive-json-form-ng/src/lib/core/defaultwidget.component.ts
ModuleName: ./lib/material.module
Root /home/ianchi/dev/ianchi_wrt/reactive-json-form-ng/projects/reactive-json-form-ng/src/public_api
FileName:  /home/ianchi/dev/ianchi_wrt/reactive-json-form-ng/projects/reactive-json-form-ng/src/lib/material.module
ConainingFile:  /home/ianchi/dev/ianchi_wrt/reactive-json-form-ng/projects/reactive-json-form-ng/src/public_api
ResolvedModule:  undefined
/home/ianchi/dev/ianchi_wrt/reactive-json-form-ng/projects/reactive-json-form-ng/src/lib/material.module.ts -> not found
ModuleName: ./lib/schema/multi
Root /home/ianchi/dev/ianchi_wrt/reactive-json-form-ng/projects/reactive-json-form-ng/src/public_api
FileName:  /home/ianchi/dev/ianchi_wrt/reactive-json-form-ng/projects/reactive-json-form-ng/src/lib/schema/multi
ConainingFile:  /home/ianchi/dev/ianchi_wrt/reactive-json-form-ng/projects/reactive-json-form-ng/src/public_api
ResolvedModule:  undefined
/home/ianchi/dev/ianchi_wrt/reactive-json-form-ng/projects/reactive-json-form-ng/src/lib/schema/multi.ts -> not found
ModuleName: ./lib/schema/format
Root /home/ianchi/dev/ianchi_wrt/reactive-json-form-ng/projects/reactive-json-form-ng/src/public_api
FileName:  /home/ianchi/dev/ianchi_wrt/reactive-json-form-ng/projects/reactive-json-form-ng/src/lib/schema/format
ConainingFile:  /home/ianchi/dev/ianchi_wrt/reactive-json-form-ng/projects/reactive-json-form-ng/src/public_api
ResolvedModule:  undefined
/home/ianchi/dev/ianchi_wrt/reactive-json-form-ng/projects/reactive-json-form-ng/src/lib/schema/format.ts -> not found
ModuleName: ./lib/schema/format
Root /home/ianchi/dev/ianchi_wrt/reactive-json-form-ng/projects/reactive-json-form-ng/src/public_api
FileName:  /home/ianchi/dev/ianchi_wrt/reactive-json-form-ng/projects/reactive-json-form-ng/src/lib/schema/format
ConainingFile:  /home/ianchi/dev/ianchi_wrt/reactive-json-form-ng/projects/reactive-json-form-ng/src/public_api
ResolvedModule:  undefined
/home/ianchi/dev/ianchi_wrt/reactive-json-form-ng/projects/reactive-json-form-ng/src/lib/schema/format.ts -> not found
ModuleName: ./lib/schema/format
Root /home/ianchi/dev/ianchi_wrt/reactive-json-form-ng/projects/reactive-json-form-ng/src/public_api
FileName:  /home/ianchi/dev/ianchi_wrt/reactive-json-form-ng/projects/reactive-json-form-ng/src/lib/schema/format
ConainingFile:  /home/ianchi/dev/ianchi_wrt/reactive-json-form-ng/projects/reactive-json-form-ng/src/public_api
ResolvedModule:  undefined
/home/ianchi/dev/ianchi_wrt/reactive-json-form-ng/projects/reactive-json-form-ng/src/lib/schema/format.ts -> not found
Bundling to FESM2015
Bundling to FESM5
